[debug] [2025-06-29T06:51:50.085Z] ----------------------------------------------------------------------
[debug] [2025-06-29T06:51:50.087Z] Command:       C:\nvm4w\nodejs\node.exe C:\Users\MSI\AppData\Roaming\npm\node_modules\firebase-tools\lib\bin\firebase.js emulators:start
[debug] [2025-06-29T06:51:50.088Z] CLI Version:   13.35.1
[debug] [2025-06-29T06:51:50.088Z] Platform:      win32
[debug] [2025-06-29T06:51:50.088Z] Node Version:  v18.20.8
[debug] [2025-06-29T06:51:50.089Z] Time:          Sun Jun 29 2025 13:51:50 GMT+0700 (Indochina Time)
[debug] [2025-06-29T06:51:50.090Z] ----------------------------------------------------------------------
[debug] 
[debug] [2025-06-29T06:51:50.444Z] > command requires scopes: ["email","openid","https://www.googleapis.com/auth/cloudplatformprojects.readonly","https://www.googleapis.com/auth/firebase","https://www.googleapis.com/auth/cloud-platform"]
[debug] [2025-06-29T06:51:50.446Z] > authorizing via signed-in user (thongj23@gmail.com)
[debug] [2025-06-29T06:51:50.717Z] java version "21.0.1" 2023-10-17 LTS

[debug] [2025-06-29T06:51:50.718Z] Java(TM) SE Runtime Environment (build 21.0.1+12-LTS-29)
Java HotSpot(TM) 64-Bit Server VM (build 21.0.1+12-LTS-29, mixed mode, sharing)

[debug] [2025-06-29T06:51:50.754Z] Parsed Java major version: 21
[info] i  emulators: Starting emulators: firestore {"metadata":{"emulator":{"name":"hub"},"message":"Starting emulators: firestore"}}
[debug] [2025-06-29T06:51:50.772Z] [logging] Logging Emulator only supports listening on one address (127.0.0.1). Not listening on ::1
[debug] [2025-06-29T06:51:50.772Z] [firestore] Firestore Emulator only supports listening on one address (127.0.0.1). Not listening on ::1
[debug] [2025-06-29T06:51:50.773Z] [firestore.websocket] websocket server for firestore only supports listening on one address (127.0.0.1). Not listening on ::1
[debug] [2025-06-29T06:51:50.773Z] assigned listening specs for emulators {"user":{"hub":[{"address":"127.0.0.1","family":"IPv4","port":4400},{"address":"::1","family":"IPv6","port":4400}],"ui":[{"address":"127.0.0.1","family":"IPv4","port":4000},{"address":"::1","family":"IPv6","port":4000}],"logging":[{"address":"127.0.0.1","family":"IPv4","port":4500}],"firestore":[{"address":"127.0.0.1","family":"IPv4","port":8080}],"firestore.websocket":[{"address":"127.0.0.1","family":"IPv4","port":9150}]},"metadata":{"message":"assigned listening specs for emulators"}}
[debug] [2025-06-29T06:51:50.785Z] [hub] writing locator at C:\Users\MSI\AppData\Local\Temp\hub-bobobo-1dbd4.json
[info] i  firestore: downloading cloud-firestore-emulator-v1.19.8.jar... {"metadata":{"emulator":{"name":"firestore"},"message":"downloading cloud-firestore-emulator-v1.19.8.jar..."}}
[debug] [2025-06-29T06:51:50.828Z] >>> [apiv2][query] GET https://storage.googleapis.com/firebase-preview-drop/emulator/cloud-firestore-emulator-v1.19.8.jar 
[debug] [2025-06-29T06:51:51.315Z] <<< [apiv2][status] GET https://storage.googleapis.com/firebase-preview-drop/emulator/cloud-firestore-emulator-v1.19.8.jar 200
[debug] [2025-06-29T06:51:51.315Z] <<< [apiv2][body] GET https://storage.googleapis.com/firebase-preview-drop/emulator/cloud-firestore-emulator-v1.19.8.jar [stream]
[debug] [2025-06-29T06:51:55.336Z] Ignoring unsupported arg: auto_download {"metadata":{"emulator":{"name":"firestore"},"message":"Ignoring unsupported arg: auto_download"}}
[debug] [2025-06-29T06:51:55.336Z] Ignoring unsupported arg: single_project_mode_error {"metadata":{"emulator":{"name":"firestore"},"message":"Ignoring unsupported arg: single_project_mode_error"}}
[debug] [2025-06-29T06:51:55.336Z] Starting Firestore Emulator with command {"binary":"java","args":["-Dgoogle.cloud_firestore.debug_log_level=FINE","-Duser.language=en","-jar","C:\\Users\\MSI\\.cache\\firebase\\emulators\\cloud-firestore-emulator-v1.19.8.jar","--host","127.0.0.1","--port",8080,"--websocket_port",9150,"--project_id","bobobo-1dbd4","--rules","E:\\project\\nextjs-firestore-products\\firestore.rules","--single_project_mode",true],"optionalArgs":["port","webchannel_port","host","rules","websocket_port","functions_emulator","seed_from_export","project_id","single_project_mode"],"joinArgs":false,"shell":false,"port":8080} {"metadata":{"emulator":{"name":"firestore"},"message":"Starting Firestore Emulator with command {\"binary\":\"java\",\"args\":[\"-Dgoogle.cloud_firestore.debug_log_level=FINE\",\"-Duser.language=en\",\"-jar\",\"C:\\\\Users\\\\MSI\\\\.cache\\\\firebase\\\\emulators\\\\cloud-firestore-emulator-v1.19.8.jar\",\"--host\",\"127.0.0.1\",\"--port\",8080,\"--websocket_port\",9150,\"--project_id\",\"bobobo-1dbd4\",\"--rules\",\"E:\\\\project\\\\nextjs-firestore-products\\\\firestore.rules\",\"--single_project_mode\",true],\"optionalArgs\":[\"port\",\"webchannel_port\",\"host\",\"rules\",\"websocket_port\",\"functions_emulator\",\"seed_from_export\",\"project_id\",\"single_project_mode\"],\"joinArgs\":false,\"shell\":false,\"port\":8080}"}}
[info] i  firestore: Firestore Emulator logging to firestore-debug.log {"metadata":{"emulator":{"name":"firestore"},"message":"Firestore Emulator logging to \u001b[1mfirestore-debug.log\u001b[22m"}}
[info] +  firestore: Firestore Emulator UI websocket is running on 9150. {"metadata":{"emulator":{"name":"firestore"},"message":"Firestore Emulator UI websocket is running on 9150."}}
[info] i  ui: downloading ui-v1.14.0.zip... {"metadata":{"emulator":{"name":"ui"},"message":"downloading ui-v1.14.0.zip..."}}
[debug] [2025-06-29T06:51:58.368Z] >>> [apiv2][query] GET https://storage.googleapis.com/firebase-preview-drop/emulator/ui-v1.14.0.zip 
[debug] [2025-06-29T06:51:58.744Z] <<< [apiv2][status] GET https://storage.googleapis.com/firebase-preview-drop/emulator/ui-v1.14.0.zip 200
[debug] [2025-06-29T06:51:58.744Z] <<< [apiv2][body] GET https://storage.googleapis.com/firebase-preview-drop/emulator/ui-v1.14.0.zip [stream]
[debug] [2025-06-29T06:52:00.402Z] Data is 3615311
[debug] [2025-06-29T06:52:00.402Z] [unzip] Entry: client/ (compressed_size=0 bytes, uncompressed_size=0 bytes)
[debug] [2025-06-29T06:52:00.402Z] [unzip] Processing entry: client\
[debug] [2025-06-29T06:52:00.402Z] [unzip] mkdir: C:\Users\MSI\.cache\firebase\emulators\ui-v1.14.0\client\
[debug] [2025-06-29T06:52:00.403Z] [unzip] Entry: client/favicon-16x16.png (compressed_size=293 bytes, uncompressed_size=293 bytes)
[debug] [2025-06-29T06:52:00.403Z] [unzip] Processing entry: client\favicon-16x16.png
[debug] [2025-06-29T06:52:00.403Z] [unzip] else mkdir: C:\Users\MSI\.cache\firebase\emulators\ui-v1.14.0\client
[debug] [2025-06-29T06:52:00.404Z] [unzip] Writing file: C:\Users\MSI\.cache\firebase\emulators\ui-v1.14.0\client\favicon-16x16.png
[debug] [2025-06-29T06:52:00.405Z] [unzip] Entry: client/safari-pinned-tab.svg (compressed_size=1433 bytes, uncompressed_size=2611 bytes)
[debug] [2025-06-29T06:52:00.405Z] [unzip] Processing entry: client\safari-pinned-tab.svg
[debug] [2025-06-29T06:52:00.405Z] [unzip] else mkdir: C:\Users\MSI\.cache\firebase\emulators\ui-v1.14.0\client
[debug] [2025-06-29T06:52:00.405Z] [unzip] deflating: C:\Users\MSI\.cache\firebase\emulators\ui-v1.14.0\client\safari-pinned-tab.svg
[debug] [2025-06-29T06:52:00.412Z] [unzip] Entry: client/favicon.ico (compressed_size=2933 bytes, uncompressed_size=13294 bytes)
[debug] [2025-06-29T06:52:00.412Z] [unzip] Processing entry: client\favicon.ico
[debug] [2025-06-29T06:52:00.412Z] [unzip] else mkdir: C:\Users\MSI\.cache\firebase\emulators\ui-v1.14.0\client
[debug] [2025-06-29T06:52:00.413Z] [unzip] deflating: C:\Users\MSI\.cache\firebase\emulators\ui-v1.14.0\client\favicon.ico
[debug] [2025-06-29T06:52:00.414Z] [unzip] Entry: client/index.html (compressed_size=1363 bytes, uncompressed_size=3071 bytes)
[debug] [2025-06-29T06:52:00.414Z] [unzip] Processing entry: client\index.html
[debug] [2025-06-29T06:52:00.415Z] [unzip] else mkdir: C:\Users\MSI\.cache\firebase\emulators\ui-v1.14.0\client
[debug] [2025-06-29T06:52:00.415Z] [unzip] deflating: C:\Users\MSI\.cache\firebase\emulators\ui-v1.14.0\client\index.html
[debug] [2025-06-29T06:52:00.417Z] [unzip] Entry: client/android-chrome-192x192.png (compressed_size=2684 bytes, uncompressed_size=2684 bytes)
[debug] [2025-06-29T06:52:00.417Z] [unzip] Processing entry: client\android-chrome-192x192.png
[debug] [2025-06-29T06:52:00.417Z] [unzip] else mkdir: C:\Users\MSI\.cache\firebase\emulators\ui-v1.14.0\client
[debug] [2025-06-29T06:52:00.418Z] [unzip] Writing file: C:\Users\MSI\.cache\firebase\emulators\ui-v1.14.0\client\android-chrome-192x192.png
[debug] [2025-06-29T06:52:00.418Z] [unzip] Entry: client/apple-touch-icon.png (compressed_size=2123 bytes, uncompressed_size=2152 bytes)
[debug] [2025-06-29T06:52:00.419Z] [unzip] Processing entry: client\apple-touch-icon.png
[debug] [2025-06-29T06:52:00.419Z] [unzip] else mkdir: C:\Users\MSI\.cache\firebase\emulators\ui-v1.14.0\client
[debug] [2025-06-29T06:52:00.419Z] [unzip] deflating: C:\Users\MSI\.cache\firebase\emulators\ui-v1.14.0\client\apple-touch-icon.png
[debug] [2025-06-29T06:52:00.420Z] [unzip] Entry: client/android-chrome-512x512.png (compressed_size=5369 bytes, uncompressed_size=5411 bytes)
[debug] [2025-06-29T06:52:00.420Z] [unzip] Processing entry: client\android-chrome-512x512.png
[debug] [2025-06-29T06:52:00.420Z] [unzip] else mkdir: C:\Users\MSI\.cache\firebase\emulators\ui-v1.14.0\client
[debug] [2025-06-29T06:52:00.421Z] [unzip] deflating: C:\Users\MSI\.cache\firebase\emulators\ui-v1.14.0\client\android-chrome-512x512.png
[debug] [2025-06-29T06:52:00.427Z] [unzip] Entry: client/manifest.json (compressed_size=245 bytes, uncompressed_size=551 bytes)
[debug] [2025-06-29T06:52:00.427Z] [unzip] Processing entry: client\manifest.json
[debug] [2025-06-29T06:52:00.427Z] [unzip] else mkdir: C:\Users\MSI\.cache\firebase\emulators\ui-v1.14.0\client
[debug] [2025-06-29T06:52:00.428Z] [unzip] deflating: C:\Users\MSI\.cache\firebase\emulators\ui-v1.14.0\client\manifest.json
[debug] [2025-06-29T06:52:00.430Z] [unzip] Entry: client/robots.txt (compressed_size=26 bytes, uncompressed_size=26 bytes)
[debug] [2025-06-29T06:52:00.430Z] [unzip] Processing entry: client\robots.txt
[debug] [2025-06-29T06:52:00.430Z] [unzip] else mkdir: C:\Users\MSI\.cache\firebase\emulators\ui-v1.14.0\client
[debug] [2025-06-29T06:52:00.431Z] [unzip] Writing file: C:\Users\MSI\.cache\firebase\emulators\ui-v1.14.0\client\robots.txt
[debug] [2025-06-29T06:52:00.432Z] [unzip] Entry: client/mstile-150x150.png (compressed_size=2034 bytes, uncompressed_size=2034 bytes)
[debug] [2025-06-29T06:52:00.432Z] [unzip] Processing entry: client\mstile-150x150.png
[debug] [2025-06-29T06:52:00.432Z] [unzip] else mkdir: C:\Users\MSI\.cache\firebase\emulators\ui-v1.14.0\client
[debug] [2025-06-29T06:52:00.433Z] [unzip] Writing file: C:\Users\MSI\.cache\firebase\emulators\ui-v1.14.0\client\mstile-150x150.png
[debug] [2025-06-29T06:52:00.434Z] [unzip] Entry: client/assets/ (compressed_size=0 bytes, uncompressed_size=0 bytes)
[debug] [2025-06-29T06:52:00.434Z] [unzip] Processing entry: client\assets\
[debug] [2025-06-29T06:52:00.434Z] [unzip] mkdir: C:\Users\MSI\.cache\firebase\emulators\ui-v1.14.0\client\assets\
[debug] [2025-06-29T06:52:00.434Z] [unzip] Entry: client/assets/index-ClZTY_JS.js.map (compressed_size=2328270 bytes, uncompressed_size=9947004 bytes)
[debug] [2025-06-29T06:52:00.435Z] [unzip] Processing entry: client\assets\index-ClZTY_JS.js.map
[debug] [2025-06-29T06:52:00.435Z] [unzip] else mkdir: C:\Users\MSI\.cache\firebase\emulators\ui-v1.14.0\client\assets
[debug] [2025-06-29T06:52:00.435Z] [unzip] deflating: C:\Users\MSI\.cache\firebase\emulators\ui-v1.14.0\client\assets\index-ClZTY_JS.js.map
[debug] [2025-06-29T06:52:00.533Z] [unzip] Entry: client/assets/index-ClZTY_JS.js (compressed_size=567195 bytes, uncompressed_size=2035940 bytes)
[debug] [2025-06-29T06:52:00.533Z] [unzip] Processing entry: client\assets\index-ClZTY_JS.js
[debug] [2025-06-29T06:52:00.533Z] [unzip] else mkdir: C:\Users\MSI\.cache\firebase\emulators\ui-v1.14.0\client\assets
[debug] [2025-06-29T06:52:00.535Z] [unzip] deflating: C:\Users\MSI\.cache\firebase\emulators\ui-v1.14.0\client\assets\index-ClZTY_JS.js
[debug] [2025-06-29T06:52:00.581Z] [unzip] Entry: client/assets/index-BdgySamB.css (compressed_size=35979 bytes, uncompressed_size=298654 bytes)
[debug] [2025-06-29T06:52:00.581Z] [unzip] Processing entry: client\assets\index-BdgySamB.css
[debug] [2025-06-29T06:52:00.582Z] [unzip] else mkdir: C:\Users\MSI\.cache\firebase\emulators\ui-v1.14.0\client\assets
[debug] [2025-06-29T06:52:00.583Z] [unzip] deflating: C:\Users\MSI\.cache\firebase\emulators\ui-v1.14.0\client\assets\index-BdgySamB.css
[debug] [2025-06-29T06:52:00.592Z] [unzip] Entry: client/assets/extensions/ (compressed_size=0 bytes, uncompressed_size=0 bytes)
[debug] [2025-06-29T06:52:00.593Z] [unzip] Processing entry: client\assets\extensions\
[debug] [2025-06-29T06:52:00.593Z] [unzip] mkdir: C:\Users\MSI\.cache\firebase\emulators\ui-v1.14.0\client\assets\extensions\
[debug] [2025-06-29T06:52:00.597Z] [unzip] Entry: client/assets/extensions/default-extension.png (compressed_size=1646 bytes, uncompressed_size=1657 bytes)
[debug] [2025-06-29T06:52:00.597Z] [unzip] Processing entry: client\assets\extensions\default-extension.png
[debug] [2025-06-29T06:52:00.597Z] [unzip] else mkdir: C:\Users\MSI\.cache\firebase\emulators\ui-v1.14.0\client\assets\extensions
[debug] [2025-06-29T06:52:00.598Z] [unzip] deflating: C:\Users\MSI\.cache\firebase\emulators\ui-v1.14.0\client\assets\extensions\default-extension.png
[debug] [2025-06-29T06:52:00.600Z] [unzip] Entry: client/assets/img/ (compressed_size=0 bytes, uncompressed_size=0 bytes)
[debug] [2025-06-29T06:52:00.600Z] [unzip] Processing entry: client\assets\img\
[debug] [2025-06-29T06:52:00.600Z] [unzip] mkdir: C:\Users\MSI\.cache\firebase\emulators\ui-v1.14.0\client\assets\img\
[debug] [2025-06-29T06:52:00.601Z] [unzip] Entry: client/assets/img/database.png (compressed_size=29449 bytes, uncompressed_size=29988 bytes)
[debug] [2025-06-29T06:52:00.601Z] [unzip] Processing entry: client\assets\img\database.png
[debug] [2025-06-29T06:52:00.601Z] [unzip] else mkdir: C:\Users\MSI\.cache\firebase\emulators\ui-v1.14.0\client\assets\img
[debug] [2025-06-29T06:52:00.601Z] [unzip] deflating: C:\Users\MSI\.cache\firebase\emulators\ui-v1.14.0\client\assets\img\database.png
[debug] [2025-06-29T06:52:00.603Z] [unzip] Entry: client/assets/provider-icons/ (compressed_size=0 bytes, uncompressed_size=0 bytes)
[debug] [2025-06-29T06:52:00.603Z] [unzip] Processing entry: client\assets\provider-icons\
[debug] [2025-06-29T06:52:00.603Z] [unzip] mkdir: C:\Users\MSI\.cache\firebase\emulators\ui-v1.14.0\client\assets\provider-icons\
[debug] [2025-06-29T06:52:00.604Z] [unzip] Entry: client/assets/provider-icons/auth_service_saml.svg (compressed_size=575 bytes, uncompressed_size=1226 bytes)
[debug] [2025-06-29T06:52:00.604Z] [unzip] Processing entry: client\assets\provider-icons\auth_service_saml.svg
[debug] [2025-06-29T06:52:00.604Z] [unzip] else mkdir: C:\Users\MSI\.cache\firebase\emulators\ui-v1.14.0\client\assets\provider-icons
[debug] [2025-06-29T06:52:00.604Z] [unzip] deflating: C:\Users\MSI\.cache\firebase\emulators\ui-v1.14.0\client\assets\provider-icons\auth_service_saml.svg
[debug] [2025-06-29T06:52:00.607Z] [unzip] Entry: client/assets/provider-icons/auth_service_phone.svg (compressed_size=261 bytes, uncompressed_size=414 bytes)
[debug] [2025-06-29T06:52:00.607Z] [unzip] Processing entry: client\assets\provider-icons\auth_service_phone.svg
[debug] [2025-06-29T06:52:00.607Z] [unzip] else mkdir: C:\Users\MSI\.cache\firebase\emulators\ui-v1.14.0\client\assets\provider-icons
[debug] [2025-06-29T06:52:00.608Z] [unzip] deflating: C:\Users\MSI\.cache\firebase\emulators\ui-v1.14.0\client\assets\provider-icons\auth_service_phone.svg
[debug] [2025-06-29T06:52:00.611Z] [unzip] Entry: client/assets/provider-icons/auth_service_facebook.svg (compressed_size=289 bytes, uncompressed_size=457 bytes)
[debug] [2025-06-29T06:52:00.611Z] [unzip] Processing entry: client\assets\provider-icons\auth_service_facebook.svg
[debug] [2025-06-29T06:52:00.611Z] [unzip] else mkdir: C:\Users\MSI\.cache\firebase\emulators\ui-v1.14.0\client\assets\provider-icons
[debug] [2025-06-29T06:52:00.612Z] [unzip] deflating: C:\Users\MSI\.cache\firebase\emulators\ui-v1.14.0\client\assets\provider-icons\auth_service_facebook.svg
[debug] [2025-06-29T06:52:00.614Z] [unzip] Entry: client/assets/provider-icons/auth_service_game_center.svg (compressed_size=991 bytes, uncompressed_size=3921 bytes)
[debug] [2025-06-29T06:52:00.615Z] [unzip] Processing entry: client\assets\provider-icons\auth_service_game_center.svg
[debug] [2025-06-29T06:52:00.615Z] [unzip] else mkdir: C:\Users\MSI\.cache\firebase\emulators\ui-v1.14.0\client\assets\provider-icons
[debug] [2025-06-29T06:52:00.615Z] [unzip] deflating: C:\Users\MSI\.cache\firebase\emulators\ui-v1.14.0\client\assets\provider-icons\auth_service_game_center.svg
[debug] [2025-06-29T06:52:00.617Z] [unzip] Entry: client/assets/provider-icons/auth_service_apple.svg (compressed_size=230 bytes, uncompressed_size=334 bytes)
[debug] [2025-06-29T06:52:00.617Z] [unzip] Processing entry: client\assets\provider-icons\auth_service_apple.svg
[debug] [2025-06-29T06:52:00.617Z] [unzip] else mkdir: C:\Users\MSI\.cache\firebase\emulators\ui-v1.14.0\client\assets\provider-icons
[debug] [2025-06-29T06:52:00.618Z] [unzip] deflating: C:\Users\MSI\.cache\firebase\emulators\ui-v1.14.0\client\assets\provider-icons\auth_service_apple.svg
[debug] [2025-06-29T06:52:00.620Z] [unzip] Entry: client/assets/provider-icons/auth_service_github.svg (compressed_size=466 bytes, uncompressed_size=838 bytes)
[debug] [2025-06-29T06:52:00.620Z] [unzip] Processing entry: client\assets\provider-icons\auth_service_github.svg
[debug] [2025-06-29T06:52:00.620Z] [unzip] else mkdir: C:\Users\MSI\.cache\firebase\emulators\ui-v1.14.0\client\assets\provider-icons
[debug] [2025-06-29T06:52:00.620Z] [unzip] deflating: C:\Users\MSI\.cache\firebase\emulators\ui-v1.14.0\client\assets\provider-icons\auth_service_github.svg
[debug] [2025-06-29T06:52:00.626Z] [unzip] Entry: client/assets/provider-icons/auth_service_mslive.svg (compressed_size=203 bytes, uncompressed_size=378 bytes)
[debug] [2025-06-29T06:52:00.626Z] [unzip] Processing entry: client\assets\provider-icons\auth_service_mslive.svg
[debug] [2025-06-29T06:52:00.626Z] [unzip] else mkdir: C:\Users\MSI\.cache\firebase\emulators\ui-v1.14.0\client\assets\provider-icons
[debug] [2025-06-29T06:52:00.627Z] [unzip] deflating: C:\Users\MSI\.cache\firebase\emulators\ui-v1.14.0\client\assets\provider-icons\auth_service_mslive.svg
[debug] [2025-06-29T06:52:00.630Z] [unzip] Entry: client/assets/provider-icons/auth_service_yahoo.svg (compressed_size=577 bytes, uncompressed_size=1182 bytes)
[debug] [2025-06-29T06:52:00.631Z] [unzip] Processing entry: client\assets\provider-icons\auth_service_yahoo.svg
[debug] [2025-06-29T06:52:00.631Z] [unzip] else mkdir: C:\Users\MSI\.cache\firebase\emulators\ui-v1.14.0\client\assets\provider-icons
[debug] [2025-06-29T06:52:00.631Z] [unzip] deflating: C:\Users\MSI\.cache\firebase\emulators\ui-v1.14.0\client\assets\provider-icons\auth_service_yahoo.svg
[debug] [2025-06-29T06:52:00.633Z] [unzip] Entry: client/assets/provider-icons/auth_service_twitter.svg (compressed_size=444 bytes, uncompressed_size=751 bytes)
[debug] [2025-06-29T06:52:00.634Z] [unzip] Processing entry: client\assets\provider-icons\auth_service_twitter.svg
[debug] [2025-06-29T06:52:00.634Z] [unzip] else mkdir: C:\Users\MSI\.cache\firebase\emulators\ui-v1.14.0\client\assets\provider-icons
[debug] [2025-06-29T06:52:00.635Z] [unzip] deflating: C:\Users\MSI\.cache\firebase\emulators\ui-v1.14.0\client\assets\provider-icons\auth_service_twitter.svg
[debug] [2025-06-29T06:52:00.636Z] [unzip] Entry: client/assets/provider-icons/auth_service_play_games.svg (compressed_size=565 bytes, uncompressed_size=1173 bytes)
[debug] [2025-06-29T06:52:00.636Z] [unzip] Processing entry: client\assets\provider-icons\auth_service_play_games.svg
[debug] [2025-06-29T06:52:00.636Z] [unzip] else mkdir: C:\Users\MSI\.cache\firebase\emulators\ui-v1.14.0\client\assets\provider-icons
[debug] [2025-06-29T06:52:00.637Z] [unzip] deflating: C:\Users\MSI\.cache\firebase\emulators\ui-v1.14.0\client\assets\provider-icons\auth_service_play_games.svg
[debug] [2025-06-29T06:52:00.642Z] [unzip] Entry: client/assets/provider-icons/auth_service_email.svg (compressed_size=228 bytes, uncompressed_size=326 bytes)
[debug] [2025-06-29T06:52:00.642Z] [unzip] Processing entry: client\assets\provider-icons\auth_service_email.svg
[debug] [2025-06-29T06:52:00.642Z] [unzip] else mkdir: C:\Users\MSI\.cache\firebase\emulators\ui-v1.14.0\client\assets\provider-icons
[debug] [2025-06-29T06:52:00.645Z] [unzip] deflating: C:\Users\MSI\.cache\firebase\emulators\ui-v1.14.0\client\assets\provider-icons\auth_service_email.svg
[debug] [2025-06-29T06:52:00.647Z] [unzip] Entry: client/assets/provider-icons/auth_service_google.svg (compressed_size=409 bytes, uncompressed_size=720 bytes)
[debug] [2025-06-29T06:52:00.647Z] [unzip] Processing entry: client\assets\provider-icons\auth_service_google.svg
[debug] [2025-06-29T06:52:00.647Z] [unzip] else mkdir: C:\Users\MSI\.cache\firebase\emulators\ui-v1.14.0\client\assets\provider-icons
[debug] [2025-06-29T06:52:00.648Z] [unzip] deflating: C:\Users\MSI\.cache\firebase\emulators\ui-v1.14.0\client\assets\provider-icons\auth_service_google.svg
[debug] [2025-06-29T06:52:00.649Z] [unzip] Entry: client/assets/provider-icons/auth_service_oidc.svg (compressed_size=414 bytes, uncompressed_size=858 bytes)
[debug] [2025-06-29T06:52:00.649Z] [unzip] Processing entry: client\assets\provider-icons\auth_service_oidc.svg
[debug] [2025-06-29T06:52:00.649Z] [unzip] else mkdir: C:\Users\MSI\.cache\firebase\emulators\ui-v1.14.0\client\assets\provider-icons
[debug] [2025-06-29T06:52:00.650Z] [unzip] deflating: C:\Users\MSI\.cache\firebase\emulators\ui-v1.14.0\client\assets\provider-icons\auth_service_oidc.svg
[debug] [2025-06-29T06:52:00.651Z] [unzip] Entry: client/browserconfig.xml (compressed_size=491 bytes, uncompressed_size=822 bytes)
[debug] [2025-06-29T06:52:00.651Z] [unzip] Processing entry: client\browserconfig.xml
[debug] [2025-06-29T06:52:00.651Z] [unzip] else mkdir: C:\Users\MSI\.cache\firebase\emulators\ui-v1.14.0\client
[debug] [2025-06-29T06:52:00.652Z] [unzip] deflating: C:\Users\MSI\.cache\firebase\emulators\ui-v1.14.0\client\browserconfig.xml
[debug] [2025-06-29T06:52:00.654Z] [unzip] Entry: client/favicon-32x32.png (compressed_size=475 bytes, uncompressed_size=475 bytes)
[debug] [2025-06-29T06:52:00.654Z] [unzip] Processing entry: client\favicon-32x32.png
[debug] [2025-06-29T06:52:00.654Z] [unzip] else mkdir: C:\Users\MSI\.cache\firebase\emulators\ui-v1.14.0\client
[debug] [2025-06-29T06:52:00.654Z] [unzip] Writing file: C:\Users\MSI\.cache\firebase\emulators\ui-v1.14.0\client\favicon-32x32.png
[debug] [2025-06-29T06:52:00.663Z] [unzip] Entry: server/ (compressed_size=0 bytes, uncompressed_size=0 bytes)
[debug] [2025-06-29T06:52:00.663Z] [unzip] Processing entry: server\
[debug] [2025-06-29T06:52:00.663Z] [unzip] mkdir: C:\Users\MSI\.cache\firebase\emulators\ui-v1.14.0\server\
[debug] [2025-06-29T06:52:00.664Z] [unzip] Entry: server/server.mjs.map (compressed_size=296496 bytes, uncompressed_size=1355667 bytes)
[debug] [2025-06-29T06:52:00.664Z] [unzip] Processing entry: server\server.mjs.map
[debug] [2025-06-29T06:52:00.664Z] [unzip] else mkdir: C:\Users\MSI\.cache\firebase\emulators\ui-v1.14.0\server
[debug] [2025-06-29T06:52:00.665Z] [unzip] deflating: C:\Users\MSI\.cache\firebase\emulators\ui-v1.14.0\server\server.mjs.map
[debug] [2025-06-29T06:52:00.677Z] [unzip] Entry: server/server.mjs (compressed_size=315701 bytes, uncompressed_size=1172682 bytes)
[debug] [2025-06-29T06:52:00.678Z] [unzip] Processing entry: server\server.mjs
[debug] [2025-06-29T06:52:00.678Z] [unzip] else mkdir: C:\Users\MSI\.cache\firebase\emulators\ui-v1.14.0\server
[debug] [2025-06-29T06:52:00.678Z] [unzip] deflating: C:\Users\MSI\.cache\firebase\emulators\ui-v1.14.0\server\server.mjs
[debug] [2025-06-29T06:52:00.686Z] [unzip] Entry: server/assets/ (compressed_size=0 bytes, uncompressed_size=0 bytes)
[debug] [2025-06-29T06:52:00.686Z] [unzip] Processing entry: server\assets\
[debug] [2025-06-29T06:52:00.686Z] [unzip] mkdir: C:\Users\MSI\.cache\firebase\emulators\ui-v1.14.0\server\assets\
[debug] [2025-06-29T06:52:00.687Z] [unzip] Entry: server/assets/multipart-parser-DGCUZdXu.mjs.map (compressed_size=4791 bytes, uncompressed_size=17918 bytes)
[debug] [2025-06-29T06:52:00.687Z] [unzip] Processing entry: server\assets\multipart-parser-DGCUZdXu.mjs.map
[debug] [2025-06-29T06:52:00.687Z] [unzip] else mkdir: C:\Users\MSI\.cache\firebase\emulators\ui-v1.14.0\server\assets
[debug] [2025-06-29T06:52:00.688Z] [unzip] deflating: C:\Users\MSI\.cache\firebase\emulators\ui-v1.14.0\server\assets\multipart-parser-DGCUZdXu.mjs.map
[debug] [2025-06-29T06:52:00.691Z] [unzip] Entry: server/assets/multipart-parser-DGCUZdXu.mjs (compressed_size=2621 bytes, uncompressed_size=10390 bytes)
[debug] [2025-06-29T06:52:00.692Z] [unzip] Processing entry: server\assets\multipart-parser-DGCUZdXu.mjs
[debug] [2025-06-29T06:52:00.692Z] [unzip] else mkdir: C:\Users\MSI\.cache\firebase\emulators\ui-v1.14.0\server\assets
[debug] [2025-06-29T06:52:00.693Z] [unzip] deflating: C:\Users\MSI\.cache\firebase\emulators\ui-v1.14.0\server\assets\multipart-parser-DGCUZdXu.mjs
[debug] [2025-06-29T06:52:00.714Z] Could not find VSCode notification endpoint: FetchError: request to http://localhost:40001/vscode/notify failed, reason: connect ECONNREFUSED ::1:40001. If you are not running the Firebase Data Connect VSCode extension, this is expected and not an issue.
[info] 
┌─────────────────────────────────────────────────────────────┐
│ ✔  All emulators ready! It is now safe to connect your app. │
│ i  View Emulator UI at http://127.0.0.1:4000/               │
└─────────────────────────────────────────────────────────────┘

┌───────────┬────────────────┬─────────────────────────────────┐
│ Emulator  │ Host:Port      │ View in Emulator UI             │
├───────────┼────────────────┼─────────────────────────────────┤
│ Firestore │ 127.0.0.1:8080 │ http://127.0.0.1:4000/firestore │
└───────────┴────────────────┴─────────────────────────────────┘
  Emulator Hub host: 127.0.0.1 port: 4400
  Other reserved ports: 4500, 9150

Issues? Report them at https://github.com/firebase/firebase-tools/issues and attach the *-debug.log files.
 
[debug] [2025-06-29T09:36:27.931Z] Received signal SIGHUP 1
[info]  
[info] i  emulators: Received SIGHUP for the first time. Starting a clean shutdown. 
[info] i  emulators: Please wait for a clean shutdown or send the SIGHUP signal again to stop right now. 
[info] i  emulators: Shutting down emulators. {"metadata":{"emulator":{"name":"hub"},"message":"Shutting down emulators."}}
[info] i  ui: Stopping Emulator UI {"metadata":{"emulator":{"name":"ui"},"message":"Stopping Emulator UI"}}
[info] i  firestore: Stopping Firestore Emulator {"metadata":{"emulator":{"name":"firestore"},"message":"Stopping Firestore Emulator"}}
[warn] !  Firestore Emulator has exited upon receiving signal: SIGINT 
[info] i  hub: Stopping emulator hub {"metadata":{"emulator":{"name":"hub"},"message":"Stopping emulator hub"}}
[info] i  logging: Stopping Logging Emulator {"metadata":{"emulator":{"name":"logging"},"message":"Stopping Logging Emulator"}}
[debug] [2025-06-29T09:36:27.967Z] Could not find VSCode notification endpoint: FetchError: request to http://localhost:40001/vscode/notify failed, reason: connect ECONNREFUSED ::1:40001. If you are not running the Firebase Data Connect VSCode extension, this is expected and not an issue.
